[0.035s] Invoking command in '/home/pritismankar/ros2_ws/build/my_odometry': CMAKE_PREFIX_PATH=/home/pritismankar/ros2_ws/install/my_odometry:/home/pritismankar/ros2_ws/install/my_slam:/home/pritismankar/ros2_ws/install/my_simulation:/home/pritismankar/ros2_ws/install/my_robot_description:/home/pritismankar/ros2_ws/install/my_fusion:/opt/ros/foxy:/home/pritismankar/catkin_ws/devel:/opt/ros/noetic /usr/bin/cmake --build /home/pritismankar/ros2_ws/build/my_odometry -- -j4 -l4
[0.221s] [35m[1mScanning dependencies of target odom_node[0m
[0.274s] [ 50%] [32mBuilding CXX object CMakeFiles/odom_node.dir/scripts/odom_node.cpp.o[0m
[2.382s] [01m[K/home/pritismankar/ros2_ws/src/my_odometry/scripts/odom_node.cpp:[m[K In member function â€˜[01m[Kvoid OdomNode::jointCallback(sensor_msgs::msg::JointState_<std::allocator<void> >::SharedPtr)[m[Kâ€™:
[2.382s] [01m[K/home/pritismankar/ros2_ws/src/my_odometry/scripts/odom_node.cpp:79:5:[m[K [01;31m[Kerror: [m[Kâ€˜[01m[Kyaw_[m[Kâ€™ was not declared in this scope
[2.382s]    79 |     [01;31m[Kyaw_[m[K += d_theta;
[2.382s]       |     [01;31m[K^~~~[m[K
[2.383s] [01m[K/home/pritismankar/ros2_ws/src/my_odometry/scripts/odom_node.cpp:80:5:[m[K [01;31m[Kerror: [m[Kâ€˜[01m[Kx_[m[Kâ€™ was not declared in this scope
[2.384s]    80 |     [01;31m[Kx_[m[K += d_center * std::cos(yaw_);
[2.384s]       |     [01;31m[K^~[m[K
[2.385s] [01m[K/home/pritismankar/ros2_ws/src/my_odometry/scripts/odom_node.cpp:81:5:[m[K [01;31m[Kerror: [m[Kâ€˜[01m[Ky_[m[Kâ€™ was not declared in this scope; did you mean â€˜[01m[Kyn[m[Kâ€™?
[2.385s]    81 |     [01;31m[Ky_[m[K += d_center * std::sin(yaw_);
[2.385s]       |     [01;31m[K^~[m[K
[2.385s]       |     [32m[Kyn[m[K
[2.389s] [01m[K/home/pritismankar/ros2_ws/src/my_odometry/scripts/odom_node.cpp:84:5:[m[K [01;31m[Kerror: [m[Kâ€˜[01m[KpublishTrajectory[m[Kâ€™ was not declared in this scope
[2.389s]    84 |     [01;31m[KpublishTrajectory[m[K(now);
[2.389s]       |     [01;31m[K^~~~~~~~~~~~~~~~~[m[K
[5.228s] make[2]: *** [CMakeFiles/odom_node.dir/build.make:63: CMakeFiles/odom_node.dir/scripts/odom_node.cpp.o] Error 1
[5.228s] make[1]: *** [CMakeFiles/Makefile2:78: CMakeFiles/odom_node.dir/all] Error 2
[5.229s] make: *** [Makefile:141: all] Error 2
[5.235s] Invoked command in '/home/pritismankar/ros2_ws/build/my_odometry' returned '2': CMAKE_PREFIX_PATH=/home/pritismankar/ros2_ws/install/my_odometry:/home/pritismankar/ros2_ws/install/my_slam:/home/pritismankar/ros2_ws/install/my_simulation:/home/pritismankar/ros2_ws/install/my_robot_description:/home/pritismankar/ros2_ws/install/my_fusion:/opt/ros/foxy:/home/pritismankar/catkin_ws/devel:/opt/ros/noetic /usr/bin/cmake --build /home/pritismankar/ros2_ws/build/my_odometry -- -j4 -l4
