[0.056s] Invoking command in '/home/pritismankar/ros2_ws/build/my_odometry': CMAKE_PREFIX_PATH=/home/pritismankar/ros2_ws/install/my_odometry:/home/pritismankar/ros2_ws/install/my_slam:/home/pritismankar/ros2_ws/install/my_simulation:/home/pritismankar/ros2_ws/install/my_robot_description:/home/pritismankar/ros2_ws/install/my_fusion:/opt/ros/foxy:/home/pritismankar/catkin_ws/devel:/opt/ros/noetic /usr/bin/cmake --build /home/pritismankar/ros2_ws/build/my_odometry -- -j4 -l4
[0.235s] [35m[1mScanning dependencies of target odom_node[0m
[0.315s] [ 50%] [32mBuilding CXX object CMakeFiles/odom_node.dir/scripts/odom_node.cpp.o[0m
[3.111s] [01m[K/home/pritismankar/ros2_ws/src/my_odometry/scripts/odom_node.cpp:[m[K In constructor â€˜[01m[KOdomNode::OdomNode()[m[Kâ€™:
[3.111s] [01m[K/home/pritismankar/ros2_ws/src/my_odometry/scripts/odom_node.cpp:42:5:[m[K [01;31m[Kerror: [m[Kexpected â€˜[01m[K{[m[Kâ€™ before â€˜[01m[Knext_marker_points_id_[m[Kâ€™
[3.111s]    42 |     [01;31m[Knext_marker_points_id_[m[K(0)
[3.112s]       |     [01;31m[K^~~~~~~~~~~~~~~~~~~~~~[m[K
[4.197s] make[2]: *** [CMakeFiles/odom_node.dir/build.make:63: CMakeFiles/odom_node.dir/scripts/odom_node.cpp.o] Error 1
[4.198s] make[1]: *** [CMakeFiles/Makefile2:78: CMakeFiles/odom_node.dir/all] Error 2
[4.198s] make: *** [Makefile:141: all] Error 2
[4.204s] Invoked command in '/home/pritismankar/ros2_ws/build/my_odometry' returned '2': CMAKE_PREFIX_PATH=/home/pritismankar/ros2_ws/install/my_odometry:/home/pritismankar/ros2_ws/install/my_slam:/home/pritismankar/ros2_ws/install/my_simulation:/home/pritismankar/ros2_ws/install/my_robot_description:/home/pritismankar/ros2_ws/install/my_fusion:/opt/ros/foxy:/home/pritismankar/catkin_ws/devel:/opt/ros/noetic /usr/bin/cmake --build /home/pritismankar/ros2_ws/build/my_odometry -- -j4 -l4
