[0.163s] Invoking command in '/home/pritismankar/ros2_ws/build/my_odometry': CMAKE_PREFIX_PATH=/home/pritismankar/ros2_ws/install/my_odometry:/home/pritismankar/ros2_ws/install/my_fusion:/home/pritismankar/ros2_ws/install/my_simulation:/home/pritismankar/ros2_ws/install/my_robot_description:/opt/ros/foxy:/home/pritismankar/catkin_ws/devel:/opt/ros/noetic /usr/bin/cmake --build /home/pritismankar/ros2_ws/build/my_odometry -- -j4 -l4
[0.652s] -- Found ament_cmake: 0.9.12 (/opt/ros/foxy/share/ament_cmake/cmake)
[0.652s] -- Using PYTHON_EXECUTABLE: /usr/bin/python3
[0.670s] -- Override CMake install command with custom implementation using symlinks instead of copying resources
[0.671s] -- Found rclcpp: 2.4.3 (/opt/ros/foxy/share/rclcpp/cmake)
[0.733s] -- Using all available rosidl_typesupport_c: rosidl_typesupport_fastrtps_c;rosidl_typesupport_introspection_c
[0.740s] -- Found rosidl_adapter: 1.3.1 (/opt/ros/foxy/share/rosidl_adapter/cmake)
[0.936s] -- Using all available rosidl_typesupport_cpp: rosidl_typesupport_fastrtps_cpp;rosidl_typesupport_introspection_cpp
[0.986s] -- Found rmw_implementation_cmake: 1.0.4 (/opt/ros/foxy/share/rmw_implementation_cmake/cmake)
[0.988s] -- Using RMW implementation 'rmw_fastrtps_cpp' as default
[1.250s] -- Found sensor_msgs: 2.0.5 (/opt/ros/foxy/share/sensor_msgs/cmake)
[1.407s] -- Found nav_msgs: 2.0.5 (/opt/ros/foxy/share/nav_msgs/cmake)
[1.537s] -- Found visualization_msgs: 2.0.5 (/opt/ros/foxy/share/visualization_msgs/cmake)
[1.631s] -- Found tf2: 0.13.14 (/opt/ros/foxy/share/tf2/cmake)
[1.649s] -- Found tf2_geometry_msgs: 0.13.14 (/opt/ros/foxy/share/tf2_geometry_msgs/cmake)
[1.658s] -- Found eigen3_cmake_module: 0.1.1 (/opt/ros/foxy/share/eigen3_cmake_module/cmake)
[2.335s] -- Configuring done
[2.389s] -- Generating done
[2.410s] -- Build files have been written to: /home/pritismankar/ros2_ws/build/my_odometry
[2.502s] [35m[1mScanning dependencies of target lidar_odometry_node[0m
[2.562s] [ 25%] [32mBuilding CXX object CMakeFiles/lidar_odometry_node.dir/src/lidar_odometry.cpp.o[0m
[2.594s] [ 75%] Built target odom_node
[2.762s] [01m[K/home/pritismankar/ros2_ws/src/my_odometry/src/lidar_odometry.cpp:2:10:[m[K [01;31m[Kfatal error: [m[Ksensor_msgs/msg/LaserScan.hpp: No such file or directory
[2.762s]     2 | #include [01;31m[K"sensor_msgs/msg/LaserScan.hpp"[m[K
[2.762s]       |          [01;31m[K^~~~~~~~~~~~~~~~~~~~~~~~~~~~~~~[m[K
[2.762s] compilation terminated.
[2.780s] make[2]: *** [CMakeFiles/lidar_odometry_node.dir/build.make:63: CMakeFiles/lidar_odometry_node.dir/src/lidar_odometry.cpp.o] Error 1
[2.781s] make[1]: *** [CMakeFiles/Makefile2:80: CMakeFiles/lidar_odometry_node.dir/all] Error 2
[2.781s] make: *** [Makefile:141: all] Error 2
[2.795s] Invoked command in '/home/pritismankar/ros2_ws/build/my_odometry' returned '2': CMAKE_PREFIX_PATH=/home/pritismankar/ros2_ws/install/my_odometry:/home/pritismankar/ros2_ws/install/my_fusion:/home/pritismankar/ros2_ws/install/my_simulation:/home/pritismankar/ros2_ws/install/my_robot_description:/opt/ros/foxy:/home/pritismankar/catkin_ws/devel:/opt/ros/noetic /usr/bin/cmake --build /home/pritismankar/ros2_ws/build/my_odometry -- -j4 -l4
